<?xml version="1.0" encoding="UTF-8"?>
<testng-results ignored="0" total="4" passed="4" failed="0" skipped="0">
  <reporter-output>
  </reporter-output>
  <suite started-at="2022-08-20T08:51:47Z" name="Surefire suite" finished-at="2022-08-20T08:52:17Z" duration-ms="29904">
    <groups>
    </groups>
    <test started-at="2022-08-20T08:51:47Z" name="Surefire test" finished-at="2022-08-20T08:52:17Z" duration-ms="29904">
      <class name="TestCases.TESTCASE4_StartShopping2">
        <test-method signature="main() throws java.lang.InterruptedException,java.io.IOException" started-at="2022-08-20T08:51:47Z" name="main" finished-at="2022-08-20T08:52:17Z" duration-ms="29726" status="PASS">
          <reporter-output>
          </reporter-output>
        </test-method> <!-- main -->
      </class> <!-- TestCases.TESTCASE4_StartShopping2 -->
      <class name="TestCases.TESTCASE2_ContactPage2">
        <test-method signature="main() throws java.lang.InterruptedException,java.io.IOException" started-at="2022-08-20T08:51:47Z" name="main" finished-at="2022-08-20T08:52:05Z" duration-ms="17579" status="PASS">
          <reporter-output>
          </reporter-output>
        </test-method> <!-- main -->
      </class> <!-- TestCases.TESTCASE2_ContactPage2 -->
      <class name="TestCases.TESTCASE3_StartShopping1">
        <test-method signature="main() throws java.lang.InterruptedException,java.io.IOException" started-at="2022-08-20T08:51:47Z" name="main" finished-at="2022-08-20T08:52:10Z" duration-ms="23347" status="PASS">
          <reporter-output>
          </reporter-output>
        </test-method> <!-- main -->
      </class> <!-- TestCases.TESTCASE3_StartShopping1 -->
      <class name="TestCases.TESTCASE1_ContactPage">
        <test-method signature="main() throws java.lang.InterruptedException,java.io.IOException" started-at="2022-08-20T08:51:47Z" name="main" finished-at="2022-08-20T08:51:54Z" duration-ms="7030" status="PASS">
          <reporter-output>
          </reporter-output>
        </test-method> <!-- main -->
      </class> <!-- TestCases.TESTCASE1_ContactPage -->
    </test> <!-- Surefire test -->
  </suite> <!-- Surefire suite -->
</testng-results>
