<?xml version="1.0" encoding="UTF-8"?>
<testsuite xmlns:xsi="http://www.w3.org/2001/XMLSchema-instance" xsi:noNamespaceSchemaLocation="https://maven.apache.org/surefire/maven-surefire-plugin/xsd/surefire-test-report-3.0.xsd" version="3.0" name="TestSuite.TestSuite1" time="30.126" tests="4" errors="0" skipped="0" failures="0">
  <properties>
[...]
</properties>
  <testcase name="main on main(TestCases.TESTCASE1_ContactPage)" classname="TestCases.TESTCASE1_ContactPage" time="7.051">
    <system-out><![CDATA[*****Column NUMBER IS 1

*****Row NUMBER IS 1
***VALUE IS http://jupiter.cloud.planittesting.com 
*****Column NUMBER IS 1

*****Row NUMBER IS 1
***VALUE IS Allan Carlo
*****Column NUMBER IS 1


*****Row NUMBER IS 2
***VALUE IS allan.ramos@uap.asia
*****Column NUMBER IS 1



*****Row NUMBER IS 3
***VALUE IS "Hello World"
null
is Null
null
is Null
null
is Null
]]></system-out>
    <system-err><![CDATA[Starting ChromeDriver 103.0.5060.134 (8ec6fce403b3feb0869b0732eda8bd95011d333c-refs/branch-heads/5060@{#1262}) on port 37596
Only local connections are allowed.
Please see https://chromedriver.chromium.org/security-considerations for suggestions on keeping ChromeDriver safe.
ChromeDriver was started successfully.
[1660985509.065][WARNING]: This version of ChromeDriver has not been tested with Chrome version 104.
Aug 20, 2022 4:51:49 PM org.openqa.selenium.remote.ProtocolHandshake createSession
INFO: Detected dialect: W3C
]]></system-err>
  </testcase>
  <testcase name="main on main(TestCases.TESTCASE2_ContactPage2)" classname="TestCases.TESTCASE2_ContactPage2" time="10.525">
    <system-out><![CDATA[*****Column NUMBER IS 1

*****Row NUMBER IS 1
***VALUE IS http://jupiter.cloud.planittesting.com 
*****Column NUMBER IS 1

*****Row NUMBER IS 1
***VALUE IS Allan Carlo
*****Column NUMBER IS 1


*****Row NUMBER IS 2
***VALUE IS allan.ramos@uap.asia
*****Column NUMBER IS 1



*****Row NUMBER IS 3
***VALUE IS "Hello World"
null
is Null
null
is Null
null
is Null
Validation is : Thanks Allan Carlo
]]></system-out>
    <system-err><![CDATA[Starting ChromeDriver 103.0.5060.134 (8ec6fce403b3feb0869b0732eda8bd95011d333c-refs/branch-heads/5060@{#1262}) on port 12814
Only local connections are allowed.
Please see https://chromedriver.chromium.org/security-considerations for suggestions on keeping ChromeDriver safe.
ChromeDriver was started successfully.
[1660985515.462][WARNING]: This version of ChromeDriver has not been tested with Chrome version 104.
Aug 20, 2022 4:51:55 PM org.openqa.selenium.remote.ProtocolHandshake createSession
INFO: Detected dialect: W3C
]]></system-err>
  </testcase>
  <testcase name="main on main(TestCases.TESTCASE3_StartShopping1)" classname="TestCases.TESTCASE3_StartShopping1" time="5.764">
    <system-out><![CDATA[*****Column NUMBER IS 1

*****Row NUMBER IS 1
***VALUE IS http://jupiter.cloud.planittesting.com 
Value = 1
Count = 1
Fluffy Bunny Validation: 
Values are equal
Value = 2
Count = 2
Funny Cow Validation: 
Values are equal
]]></system-out>
    <system-err><![CDATA[Starting ChromeDriver 103.0.5060.134 (8ec6fce403b3feb0869b0732eda8bd95011d333c-refs/branch-heads/5060@{#1262}) on port 40624
Only local connections are allowed.
Please see https://chromedriver.chromium.org/security-considerations for suggestions on keeping ChromeDriver safe.
ChromeDriver was started successfully.
[1660985525.972][WARNING]: This version of ChromeDriver has not been tested with Chrome version 104.
Aug 20, 2022 4:52:06 PM org.openqa.selenium.remote.ProtocolHandshake createSession
INFO: Detected dialect: W3C
]]></system-err>
  </testcase>
  <testcase name="main on main(TestCases.TESTCASE4_StartShopping2)" classname="TestCases.TESTCASE4_StartShopping2" time="6.378">
    <system-out><![CDATA[*****Column NUMBER IS 1

*****Row NUMBER IS 1
***VALUE IS http://jupiter.cloud.planittesting.com 
----------------------------------------
Get into Loop
$10.99
Stuffed Frog Validation: 
Values are equal
2
Stuffed Frog Validation: 
Values are equal
Stuffed Frog Validation quantity: 
$21.98
Stuffed Frog Validation: 
Values are equal
----------------------------------------
$9.99
Fluffy Bunny Validation: 
Values are equal
4
Fluffy Bunny Validation: 
Values are equal
Fluffy Bunny Validation quantity: 
$39.96
Fluffy Bunny Validation: 
Values are equal
----------------------------------------
$14.99
Valentine Bear Validation: 
Values are equal
3
Valentine Bear Validation: 
Values are equal
Valentine Bear Validation quantity: 
$44.97
Valentine Bear Validation: 
Values are equal
----------------------------------------
Total Sum is : 106.91
TOTAL Validation: 
total_str_array:  106.91
total_double: 106.91
 Validation: 
Values are equal
]]></system-out>
    <system-err><![CDATA[Starting ChromeDriver 103.0.5060.134 (8ec6fce403b3feb0869b0732eda8bd95011d333c-refs/branch-heads/5060@{#1262}) on port 10390
Only local connections are allowed.
Please see https://chromedriver.chromium.org/security-considerations for suggestions on keeping ChromeDriver safe.
ChromeDriver was started successfully.
[1660985531.746][WARNING]: This version of ChromeDriver has not been tested with Chrome version 104.
Aug 20, 2022 4:52:11 PM org.openqa.selenium.remote.ProtocolHandshake createSession
INFO: Detected dialect: W3C
]]></system-err>
  </testcase>
</testsuite>