<?xml version="1.0" encoding="UTF-8"?>
<!-- Generated by org.testng.reporters.JUnitXMLReporter -->
<testsuite ignored="0" hostname="Allans-MacBook-Pro.local" failures="0" tests="4" name="Surefire test" time="29.904" errors="0" timestamp="20 Aug 2022 08:52:17 GMT">
  <testcase classname="TestCases.TESTCASE1_ContactPage" name="main on main(TestCases.TESTCASE1_ContactPage)" time="7.03"/>
  <testcase classname="TestCases.TESTCASE2_ContactPage2" name="main on main(TestCases.TESTCASE2_ContactPage2)" time="17.579"/>
  <testcase classname="TestCases.TESTCASE3_StartShopping1" name="main on main(TestCases.TESTCASE3_StartShopping1)" time="23.347"/>
  <testcase classname="TestCases.TESTCASE4_StartShopping2" name="main on main(TestCases.TESTCASE4_StartShopping2)" time="29.726"/>
</testsuite> <!-- Surefire test -->
